<?xml version="1.0" encoding="UTF-8"?>
<testsuite xmlns:xsi="http://www.w3.org/2001/XMLSchema-instance" xsi:noNamespaceSchemaLocation="https://maven.apache.org/surefire/maven-surefire-plugin/xsd/surefire-test-report-3.0.xsd" version="3.0" name="testRunners.AmazonTest" time="0.727" tests="2" errors="0" skipped="0" failures="0">
  <properties>
    <property name="java.specification.version" value="18"/>
    <property name="sun.cpu.isalist" value="amd64"/>
    <property name="sun.jnu.encoding" value="Cp1252"/>
    <property name="java.class.path" value="C:\Users\sgupta\IdeaProjects\CumberTest\target\test-classes;C:\Users\sgupta\IdeaProjects\CumberTest\target\classes;C:\Users\sgupta\.m2\repository\io\cucumber\cucumber-java\7.0.0\cucumber-java-7.0.0.jar;C:\Users\sgupta\.m2\repository\io\cucumber\cucumber-core\7.0.0\cucumber-core-7.0.0.jar;C:\Users\sgupta\.m2\repository\io\cucumber\cucumber-gherkin\7.0.0\cucumber-gherkin-7.0.0.jar;C:\Users\sgupta\.m2\repository\io\cucumber\cucumber-gherkin-messages\7.0.0\cucumber-gherkin-messages-7.0.0.jar;C:\Users\sgupta\.m2\repository\io\cucumber\messages\17.1.1\messages-17.1.1.jar;C:\Users\sgupta\.m2\repository\io\cucumber\tag-expressions\4.0.2\tag-expressions-4.0.2.jar;C:\Users\sgupta\.m2\repository\io\cucumber\cucumber-expressions\13.0.1\cucumber-expressions-13.0.1.jar;C:\Users\sgupta\.m2\repository\io\cucumber\datatable\7.0.0\datatable-7.0.0.jar;C:\Users\sgupta\.m2\repository\io\cucumber\cucumber-plugin\7.0.0\cucumber-plugin-7.0.0.jar;C:\Users\sgupta\.m2\repository\io\cucumber\docstring\7.0.0\docstring-7.0.0.jar;C:\Users\sgupta\.m2\repository\io\cucumber\html-formatter\17.0.0\html-formatter-17.0.0.jar;C:\Users\sgupta\.m2\repository\io\cucumber\create-meta\6.0.1\create-meta-6.0.1.jar;C:\Users\sgupta\.m2\repository\org\apiguardian\apiguardian-api\1.1.2\apiguardian-api-1.1.2.jar;C:\Users\sgupta\.m2\repository\io\cucumber\cucumber-junit\7.0.0\cucumber-junit-7.0.0.jar;C:\Users\sgupta\.m2\repository\junit\junit\4.12\junit-4.12.jar;C:\Users\sgupta\.m2\repository\org\hamcrest\hamcrest-core\1.3\hamcrest-core-1.3.jar;"/>
    <property name="java.vm.vendor" value="Oracle Corporation"/>
    <property name="sun.arch.data.model" value="64"/>
    <property name="user.variant" value=""/>
    <property name="java.vendor.url" value="https://java.oracle.com/"/>
    <property name="user.timezone" value="Asia/Calcutta"/>
    <property name="os.name" value="Windows 11"/>
    <property name="java.vm.specification.version" value="18"/>
    <property name="sun.java.launcher" value="SUN_STANDARD"/>
    <property name="user.country" value="IN"/>
    <property name="sun.boot.library.path" value="C:\Program Files\Java\jdk-18.0.2\bin"/>
    <property name="sun.java.command" value="C:\Users\sgupta\AppData\Local\Temp\surefire4883614208533881534\surefirebooter-20231228004851110_3.jar C:\Users\sgupta\AppData\Local\Temp\surefire4883614208533881534 2023-12-28T00-48-50_890-jvmRun1 surefire-20231228004851110_1tmp surefire_0-20231228004851110_2tmp"/>
    <property name="jdk.debug" value="release"/>
    <property name="surefire.test.class.path" value="C:\Users\sgupta\IdeaProjects\CumberTest\target\test-classes;C:\Users\sgupta\IdeaProjects\CumberTest\target\classes;C:\Users\sgupta\.m2\repository\io\cucumber\cucumber-java\7.0.0\cucumber-java-7.0.0.jar;C:\Users\sgupta\.m2\repository\io\cucumber\cucumber-core\7.0.0\cucumber-core-7.0.0.jar;C:\Users\sgupta\.m2\repository\io\cucumber\cucumber-gherkin\7.0.0\cucumber-gherkin-7.0.0.jar;C:\Users\sgupta\.m2\repository\io\cucumber\cucumber-gherkin-messages\7.0.0\cucumber-gherkin-messages-7.0.0.jar;C:\Users\sgupta\.m2\repository\io\cucumber\messages\17.1.1\messages-17.1.1.jar;C:\Users\sgupta\.m2\repository\io\cucumber\tag-expressions\4.0.2\tag-expressions-4.0.2.jar;C:\Users\sgupta\.m2\repository\io\cucumber\cucumber-expressions\13.0.1\cucumber-expressions-13.0.1.jar;C:\Users\sgupta\.m2\repository\io\cucumber\datatable\7.0.0\datatable-7.0.0.jar;C:\Users\sgupta\.m2\repository\io\cucumber\cucumber-plugin\7.0.0\cucumber-plugin-7.0.0.jar;C:\Users\sgupta\.m2\repository\io\cucumber\docstring\7.0.0\docstring-7.0.0.jar;C:\Users\sgupta\.m2\repository\io\cucumber\html-formatter\17.0.0\html-formatter-17.0.0.jar;C:\Users\sgupta\.m2\repository\io\cucumber\create-meta\6.0.1\create-meta-6.0.1.jar;C:\Users\sgupta\.m2\repository\org\apiguardian\apiguardian-api\1.1.2\apiguardian-api-1.1.2.jar;C:\Users\sgupta\.m2\repository\io\cucumber\cucumber-junit\7.0.0\cucumber-junit-7.0.0.jar;C:\Users\sgupta\.m2\repository\junit\junit\4.12\junit-4.12.jar;C:\Users\sgupta\.m2\repository\org\hamcrest\hamcrest-core\1.3\hamcrest-core-1.3.jar;"/>
    <property name="sun.cpu.endian" value="little"/>
    <property name="user.home" value="C:\Users\sgupta"/>
    <property name="user.language" value="en"/>
    <property name="java.specification.vendor" value="Oracle Corporation"/>
    <property name="java.version.date" value="2022-07-19"/>
    <property name="java.home" value="C:\Program Files\Java\jdk-18.0.2"/>
    <property name="file.separator" value="\"/>
    <property name="basedir" value="C:\Users\sgupta\IdeaProjects\CumberTest"/>
    <property name="java.vm.compressedOopsMode" value="Zero based"/>
    <property name="line.separator" value="&#10;"/>
    <property name="java.vm.specification.vendor" value="Oracle Corporation"/>
    <property name="java.specification.name" value="Java Platform API Specification"/>
    <property name="surefire.real.class.path" value="C:\Users\sgupta\AppData\Local\Temp\surefire4883614208533881534\surefirebooter-20231228004851110_3.jar"/>
    <property name="user.script" value=""/>
    <property name="sun.management.compiler" value="HotSpot 64-Bit Tiered Compilers"/>
    <property name="java.runtime.version" value="18.0.2+9-61"/>
    <property name="user.name" value="sgupta"/>
    <property name="path.separator" value=";"/>
    <property name="os.version" value="10.0"/>
    <property name="java.runtime.name" value="Java(TM) SE Runtime Environment"/>
    <property name="file.encoding" value="UTF-8"/>
    <property name="java.vm.name" value="Java HotSpot(TM) 64-Bit Server VM"/>
    <property name="localRepository" value="C:\Users\sgupta\.m2\repository"/>
    <property name="java.vendor.url.bug" value="https://bugreport.java.com/bugreport/"/>
    <property name="java.io.tmpdir" value="C:\Users\sgupta\AppData\Local\Temp\"/>
    <property name="java.version" value="18.0.2"/>
    <property name="cucumber.filter.tags" value="@Smoke or @Regression"/>
    <property name="user.dir" value="C:\Users\sgupta\IdeaProjects\CumberTest"/>
    <property name="os.arch" value="amd64"/>
    <property name="java.vm.specification.name" value="Java Virtual Machine Specification"/>
    <property name="sun.os.patch.level" value=""/>
    <property name="native.encoding" value="Cp1252"/>
    <property name="java.library.path" value="C:\Program Files\Java\jdk-18.0.2\bin;C:\WINDOWS\Sun\Java\bin;C:\WINDOWS\system32;C:\WINDOWS;C:\Program Files (x86)\Microsoft SDKs\Azure\CLI2\wbin;C:\ProgramData\Oracle\Java\javapath;C:\Program Files\Common Files\Oracle\Java\javapath;C:\Python39\Scripts\;C:\Python39\;C:\Program Files (x86)\VMware\VMware Player\bin\;C:\WINDOWS\system32;C:\WINDOWS;C:\WINDOWS\System32\Wbem;C:\WINDOWS\System32\WindowsPowerShell\v1.0\;C:\WINDOWS\System32\OpenSSH\;C:\Program Files\PuTTY\;C:\Program Files\Java\jdk-18.0.2\bin;C:\Users\sgupta\apache-maven-3.8.1\bin;C:\Program Files\nodejs\;C:\ProgramData\chocolatey\bin;C:\Users\sgupta\AppData\Local\Android\Sdk\platform-tools;C:\Users\sgupta\AppData\Local\Android\Sdk\tools;C:\Users\sgupta\AppData\Local\Android\Sdk\tools\bin;C:\Program Files (x86)\Microsoft SQL Server\150\DTS\Binn\;C:\Program Files\Microsoft SQL Server\150\Tools\Binn\;C:\Program Files (x86)\Groovy\bin;C:\Users\sgupta\allure-commandline-2.18.0\allure-2.18.0\bin;;C:\WINDOWS\system32;C:\WINDOWS;C:\WINDOWS\System32\Wbem;C:\WINDOWS\System32\WindowsPowerShell\v1.0\;C:\WINDOWS\System32\OpenSSH\;C:\Program Files\Amazon\AWSCLIV2\;C:\Users\sgupta\AppData\Local\Programs\Python\Python310\Scripts\;C:\Users\sgupta\AppData\Local\Programs\Python\Python310\;C:\Users\sgupta\AppData\Local\Microsoft\WindowsApps;C:\Users\sgupta\AppData\Local\Programs\Git\cmd;C:\Users\sgupta\AppData\Roaming\npm;C:\Program Files\Azure Data Studio\bin;C:\Program Files\Amazon\AWSCLIV2\aws.exe;;."/>
    <property name="java.vm.info" value="mixed mode, sharing"/>
    <property name="java.vendor" value="Oracle Corporation"/>
    <property name="java.vm.version" value="18.0.2+9-61"/>
    <property name="sun.io.unicode.encoding" value="UnicodeLittle"/>
    <property name="java.class.version" value="62.0"/>
  </properties>
  <testcase name="Booking Cab Sedan" classname="Uber Booking Feature" time="0.229">
    <system-out><![CDATA[
@All @Smoke
Scenario: Booking Cab Sedan                                                                 &amp#27;[90m# src/test/resources/AppFeatures/Uber.feature:5&amp#27;[0m
Step 1: User want to select a car type: Sedan from uber app
  &amp#27;[32mGiven &amp#27;[0m&amp#27;[32mUser want to select a car type &amp#27;[0m&amp#27;[32m&amp#27;[1m"Sedan"&amp#27;[0m&amp#27;[32m from uber app&amp#27;[0m                                &amp#27;[90m# stepDefinations.UberBookingSteps.user_want_to_select_a_car_type_from_uber_app(java.lang.String)&amp#27;[0m
Step 2: User select car: Sedan and pick up point is: Bangalore and drop location is Pune
  &amp#27;[32mWhen &amp#27;[0m&amp#27;[32mUser select car &amp#27;[0m&amp#27;[32m&amp#27;[1m"Sedan"&amp#27;[0m&amp#27;[32m and pick up point is &amp#27;[0m&amp#27;[32m&amp#27;[1m"Bangalore"&amp#27;[0m&amp#27;[32m and drop location is &amp#27;[0m&amp#27;[32m&amp#27;[1m"Pune"&amp#27;[0m &amp#27;[90m# stepDefinations.UberBookingSteps.user_select_car_and_pick_up_point_is_and_drop_location_is(java.lang.String,java.lang.String,java.lang.String)&amp#27;[0m
Driver start the journey
  &amp#27;[32mThen &amp#27;[0m&amp#27;[32mDriver start the journey&amp#27;[0m                                                             &amp#27;[90m# stepDefinations.UberBookingSteps.driver_start_the_journey()&amp#27;[0m
Driver end the journey
  &amp#27;[32mAnd &amp#27;[0m&amp#27;[32mDriver end the journey&amp#27;[0m                                                                &amp#27;[90m# stepDefinations.UberBookingSteps.driver_end_the_journey()&amp#27;[0m
Uber pays the money: 1000
  &amp#27;[32mThen &amp#27;[0m&amp#27;[32mUser pays &amp#27;[0m&amp#27;[32m&amp#27;[1m1000&amp#27;[0m&amp#27;[32m money&amp#27;[0m                                                                 &amp#27;[90m# stepDefinations.UberBookingSteps.user_pays_the_money(int)&amp#27;[0m
]]></system-out>
  </testcase>
  <testcase name="Booking Cab SUV" classname="Uber Booking Feature" time="0.045">
    <system-out><![CDATA[
@All @Smoke @Regression
Scenario: Booking Cab SUV                                                               &amp#27;[90m# src/test/resources/AppFeatures/Uber.feature:13&amp#27;[0m
Step 1: User want to select a car type: SUV from uber app
  &amp#27;[32mGiven &amp#27;[0m&amp#27;[32mUser want to select a car type &amp#27;[0m&amp#27;[32m&amp#27;[1m"SUV"&amp#27;[0m&amp#27;[32m from uber app&amp#27;[0m                              &amp#27;[90m# stepDefinations.UberBookingSteps.user_want_to_select_a_car_type_from_uber_app(java.lang.String)&amp#27;[0m
Step 2: User select car: SUV and pick up point is: Chennai and drop location is Pune
  &amp#27;[32mWhen &amp#27;[0m&amp#27;[32mUser select car &amp#27;[0m&amp#27;[32m&amp#27;[1m"SUV"&amp#27;[0m&amp#27;[32m and pick up point is &amp#27;[0m&amp#27;[32m&amp#27;[1m"Chennai"&amp#27;[0m&amp#27;[32m and drop location is &amp#27;[0m&amp#27;[32m&amp#27;[1m"Pune"&amp#27;[0m &amp#27;[90m# stepDefinations.UberBookingSteps.user_select_car_and_pick_up_point_is_and_drop_location_is(java.lang.String,java.lang.String,java.lang.String)&amp#27;[0m
Driver start the journey
  &amp#27;[32mThen &amp#27;[0m&amp#27;[32mDriver start the journey&amp#27;[0m                                                         &amp#27;[90m# stepDefinations.UberBookingSteps.driver_start_the_journey()&amp#27;[0m
Driver end the journey
  &amp#27;[32mAnd &amp#27;[0m&amp#27;[32mDriver end the journey&amp#27;[0m                                                            &amp#27;[90m# stepDefinations.UberBookingSteps.driver_end_the_journey()&amp#27;[0m
Uber pays the money: 1300
  &amp#27;[32mThen &amp#27;[0m&amp#27;[32mUser pays &amp#27;[0m&amp#27;[32m&amp#27;[1m1300&amp#27;[0m&amp#27;[32m money&amp#27;[0m                                                             &amp#27;[90m# stepDefinations.UberBookingSteps.user_pays_the_money(int)&amp#27;[0m
]]></system-out>
  </testcase>
</testsuite>